{"/Users/haconglinh1990/Project/LinhHC/Todo/src/services/API.ts": {"path":"/Users/haconglinh1990/Project/LinhHC/Todo/src/services/API.ts","statementMap":{"0":{"start":{"line":4,"column":23},"end":{"line":4,"column":67}},"1":{"start":{"line":5,"column":25},"end":{"line":5,"column":27}},"2":{"start":{"line":7,"column":26},"end":{"line":13,"column":1}},"3":{"start":{"line":8,"column":19},"end":{"line":10,"column":3}},"4":{"start":{"line":11,"column":26},"end":{"line":11,"column":39}},"5":{"start":{"line":12,"column":2},"end":{"line":12,"column":16}},"6":{"start":{"line":15,"column":32},"end":{"line":20,"column":1}},"7":{"start":{"line":16,"column":2},"end":{"line":18,"column":3}},"8":{"start":{"line":17,"column":4},"end":{"line":17,"column":21}},"9":{"start":{"line":19,"column":2},"end":{"line":19,"column":29}}},"fnMap":{"0":{"name":"(anonymous_0)","decl":{"start":{"line":7,"column":26},"end":{"line":7,"column":27}},"loc":{"start":{"line":7,"column":53},"end":{"line":13,"column":1}},"line":7},"1":{"name":"(anonymous_1)","decl":{"start":{"line":15,"column":32},"end":{"line":15,"column":33}},"loc":{"start":{"line":15,"column":76},"end":{"line":20,"column":1}},"line":15}},"branchMap":{"0":{"loc":{"start":{"line":7,"column":34},"end":{"line":7,"column":47}},"type":"default-arg","locations":[{"start":{"line":7,"column":46},"end":{"line":7,"column":47}}],"line":7},"1":{"loc":{"start":{"line":16,"column":2},"end":{"line":18,"column":3}},"type":"if","locations":[{"start":{"line":16,"column":2},"end":{"line":18,"column":3}},{"start":{},"end":{}}],"line":16}},"s":{"0":1,"1":1,"2":1,"3":1,"4":1,"5":1,"6":1,"7":2,"8":1,"9":1},"f":{"0":1,"1":2},"b":{"0":[0],"1":[1,1]},"_coverageSchema":"1a1c01bbd47fc00a2c39e90264f33305004495a9","hash":"92619e3c112fe97cc05862166c730af3a7897b43"}
,"/Users/haconglinh1990/Project/LinhHC/Todo/src/store/Store.ts": {"path":"/Users/haconglinh1990/Project/LinhHC/Todo/src/store/Store.ts","statementMap":{"0":{"start":{"line":11,"column":28},"end":{"line":25,"column":3}},"1":{"start":{"line":11,"column":54},"end":{"line":25,"column":1}},"2":{"start":{"line":13,"column":32},"end":{"line":13,"column":44}},"3":{"start":{"line":15,"column":4},"end":{"line":15,"column":52}},"4":{"start":{"line":15,"column":18},"end":{"line":15,"column":49}},"5":{"start":{"line":18,"column":4},"end":{"line":20,"column":7}},"6":{"start":{"line":18,"column":18},"end":{"line":20,"column":5}},"7":{"start":{"line":19,"column":36},"end":{"line":19,"column":65}},"8":{"start":{"line":22,"column":4},"end":{"line":24,"column":7}},"9":{"start":{"line":22,"column":18},"end":{"line":24,"column":5}},"10":{"start":{"line":23,"column":40},"end":{"line":23,"column":54}}},"fnMap":{"0":{"name":"(anonymous_0)","decl":{"start":{"line":11,"column":46},"end":{"line":11,"column":47}},"loc":{"start":{"line":11,"column":54},"end":{"line":25,"column":1}},"line":11},"1":{"name":"(anonymous_1)","decl":{"start":{"line":13,"column":12},"end":{"line":13,"column":13}},"loc":{"start":{"line":13,"column":32},"end":{"line":13,"column":44}},"line":13},"2":{"name":"(anonymous_2)","decl":{"start":{"line":14,"column":11},"end":{"line":14,"column":12}},"loc":{"start":{"line":14,"column":19},"end":{"line":16,"column":3}},"line":14},"3":{"name":"(anonymous_3)","decl":{"start":{"line":15,"column":8},"end":{"line":15,"column":9}},"loc":{"start":{"line":15,"column":18},"end":{"line":15,"column":49}},"line":15},"4":{"name":"(anonymous_4)","decl":{"start":{"line":17,"column":14},"end":{"line":17,"column":15}},"loc":{"start":{"line":18,"column":4},"end":{"line":20,"column":7}},"line":18},"5":{"name":"(anonymous_5)","decl":{"start":{"line":18,"column":8},"end":{"line":18,"column":9}},"loc":{"start":{"line":18,"column":18},"end":{"line":20,"column":5}},"line":18},"6":{"name":"(anonymous_6)","decl":{"start":{"line":19,"column":29},"end":{"line":19,"column":30}},"loc":{"start":{"line":19,"column":36},"end":{"line":19,"column":65}},"line":19},"7":{"name":"(anonymous_7)","decl":{"start":{"line":21,"column":14},"end":{"line":21,"column":15}},"loc":{"start":{"line":22,"column":4},"end":{"line":24,"column":7}},"line":22},"8":{"name":"(anonymous_8)","decl":{"start":{"line":22,"column":8},"end":{"line":22,"column":9}},"loc":{"start":{"line":22,"column":18},"end":{"line":24,"column":5}},"line":22},"9":{"name":"(anonymous_9)","decl":{"start":{"line":23,"column":32},"end":{"line":23,"column":33}},"loc":{"start":{"line":23,"column":40},"end":{"line":23,"column":54}},"line":23}},"branchMap":{"0":{"loc":{"start":{"line":19,"column":36},"end":{"line":19,"column":65}},"type":"cond-expr","locations":[{"start":{"line":19,"column":56},"end":{"line":19,"column":60}},{"start":{"line":19,"column":63},"end":{"line":19,"column":65}}],"line":19}},"s":{"0":1,"1":1,"2":0,"3":3,"4":3,"5":1,"6":1,"7":2,"8":1,"9":1,"10":3},"f":{"0":1,"1":0,"2":3,"3":3,"4":1,"5":1,"6":2,"7":1,"8":1,"9":3},"b":{"0":[1,1]},"_coverageSchema":"1a1c01bbd47fc00a2c39e90264f33305004495a9","hash":"cf9cfed366020b88171021c67311e41f5d90a777"}
}
